<?xml version="1.0" encoding="UTF-8"?>
<testsuites name="TestSuiteWebUI" time="209.156" tests="3" failures="0" errors="0">
   <testsuite name="TestSuiteWebUI" tests="3" failures="0" errors="0" time="209.156" skipped="0" timestamp="2022-12-28 11:15:06" hostname="nurulazzahra - 192.168.1.4" id="Test Suites/TestSuiteWebUI">
      <properties>
[...]
</properties>
      <testcase name="Test Cases/Login" time="63.271" classname="Test Cases/Login" status="PASSED">
         <system-out><![CDATA[2022-12-28 11:15:06 - [TEST_CASE][PASSED] - Test Cases/Login: Test Cases/Login

2022-12-28 11:15:06 - [TEST_STEP][PASSED] - openBrowser(""): Browser is opened with url: ''

2022-12-28 11:15:07 - [MESSAGE][INFO] - Starting 'Chrome' driver

2022-12-28 11:15:07 - [MESSAGE][INFO] - Action delay is set to 0 milliseconds

2022-12-28 11:15:14 - [MESSAGE][PASSED] - Browser is opened with url: ''

2022-12-28 11:15:14 - [TEST_STEP][PASSED] - maximizeWindow(): Current window maximized

2022-12-28 11:15:16 - [MESSAGE][PASSED] - Current window maximized

2022-12-28 11:15:16 - [TEST_STEP][PASSED] - delay(10): Delayed 10 second(s)

2022-12-28 11:15:26 - [MESSAGE][PASSED] - Delayed 10 second(s)

2022-12-28 11:15:26 - [TEST_STEP][PASSED] - navigateToUrl("https://opensource-demo.orangehrmlive.com/web/index.php/auth/login"): Navigate to 'https://opensource-demo.orangehrmlive.com/web/index.php/auth/login' successfully

2022-12-28 11:15:37 - [MESSAGE][PASSED] - Navigate to 'https://opensource-demo.orangehrmlive.com/web/index.php/auth/login' successfully

2022-12-28 11:15:37 - [TEST_STEP][PASSED] - verifyElementText(findTestObject("Object Repository/Login/Page_OrangeHRM/verifAccessWeb"), "Login"): Actual text and expected text of test object 'Object Repository/Login/Page_OrangeHRM/verifAccessWeb' are matched.

2022-12-28 11:15:40 - [MESSAGE][PASSED] - Actual text and expected text of test object 'Object Repository/Login/Page_OrangeHRM/verifAccessWeb' are matched.

2022-12-28 11:15:40 - [TEST_STEP][PASSED] - takeScreenshot(): Taking screenshot successfully

2022-12-28 11:15:41 - [MESSAGE][PASSED] - Taking screenshot successfully
[[ATTACHMENT|/Users/nurulazzahra/Katalon Studio/SV_TestWebUI_NurulAzzahra/Reports/20221228_111444/TestSuiteWebUI/20221228_111444/1672200940759.png]]

2022-12-28 11:15:41 - [TEST_STEP][PASSED] - setText(findTestObject("Object Repository/Login/Page_OrangeHRM/inputUsername"), "admin1"): Text 'admin1' is set on object 'Object Repository/Login/Page_OrangeHRM/inputUsername'

2022-12-28 11:15:42 - [MESSAGE][PASSED] - Text 'admin1' is set on object 'Object Repository/Login/Page_OrangeHRM/inputUsername'

2022-12-28 11:15:42 - [TEST_STEP][PASSED] - setText(findTestObject("Object Repository/Login/Page_OrangeHRM/inputPassword"), "admin2"): Text 'admin2' is set on object 'Object Repository/Login/Page_OrangeHRM/inputPassword'

2022-12-28 11:15:43 - [MESSAGE][PASSED] - Text 'admin2' is set on object 'Object Repository/Login/Page_OrangeHRM/inputPassword'

2022-12-28 11:15:43 - [TEST_STEP][PASSED] - click(findTestObject("Object Repository/Login/Page_OrangeHRM/button_Login")): Object: 'Object Repository/Login/Page_OrangeHRM/button_Login' is clicked on

2022-12-28 11:15:45 - [MESSAGE][PASSED] - Object: 'Object Repository/Login/Page_OrangeHRM/button_Login' is clicked on

2022-12-28 11:15:45 - [TEST_STEP][PASSED] - verifyElementText(findTestObject("Object Repository/Login/Page_OrangeHRM/alertInvalid"), "Invalid credentials"): Actual text and expected text of test object 'Object Repository/Login/Page_OrangeHRM/alertInvalid' are matched.

2022-12-28 11:15:46 - [MESSAGE][PASSED] - Actual text and expected text of test object 'Object Repository/Login/Page_OrangeHRM/alertInvalid' are matched.

2022-12-28 11:15:46 - [TEST_STEP][PASSED] - delay(5): Delayed 5 second(s)

2022-12-28 11:15:51 - [MESSAGE][PASSED] - Delayed 5 second(s)

2022-12-28 11:15:51 - [TEST_STEP][PASSED] - takeScreenshot(): Taking screenshot successfully

2022-12-28 11:15:52 - [MESSAGE][PASSED] - Taking screenshot successfully
[[ATTACHMENT|/Users/nurulazzahra/Katalon Studio/SV_TestWebUI_NurulAzzahra/Reports/20221228_111444/TestSuiteWebUI/20221228_111444/1672200951965.png]]

2022-12-28 11:15:52 - [TEST_STEP][PASSED] - click(findTestObject("Object Repository/Login/Page_OrangeHRM/button_Login")): Object: 'Object Repository/Login/Page_OrangeHRM/button_Login' is clicked on

2022-12-28 11:15:52 - [MESSAGE][PASSED] - Object: 'Object Repository/Login/Page_OrangeHRM/button_Login' is clicked on

2022-12-28 11:15:52 - [TEST_STEP][PASSED] - verifyElementText(findTestObject("Object Repository/Login/Page_OrangeHRM/alertRequired"), "Required"): Actual text and expected text of test object 'Object Repository/Login/Page_OrangeHRM/alertRequired' are matched.

2022-12-28 11:15:53 - [MESSAGE][PASSED] - Actual text and expected text of test object 'Object Repository/Login/Page_OrangeHRM/alertRequired' are matched.

2022-12-28 11:15:53 - [TEST_STEP][PASSED] - delay(5): Delayed 5 second(s)

2022-12-28 11:15:58 - [MESSAGE][PASSED] - Delayed 5 second(s)

2022-12-28 11:15:58 - [TEST_STEP][PASSED] - takeScreenshot(): Taking screenshot successfully

2022-12-28 11:15:59 - [MESSAGE][PASSED] - Taking screenshot successfully
[[ATTACHMENT|/Users/nurulazzahra/Katalon Studio/SV_TestWebUI_NurulAzzahra/Reports/20221228_111444/TestSuiteWebUI/20221228_111444/1672200958867.png]]

2022-12-28 11:15:59 - [TEST_STEP][PASSED] - setText(findTestObject("Object Repository/Login/Page_OrangeHRM/inputUsername"), "Admin"): Text 'Admin' is set on object 'Object Repository/Login/Page_OrangeHRM/inputUsername'

2022-12-28 11:16:00 - [MESSAGE][PASSED] - Text 'Admin' is set on object 'Object Repository/Login/Page_OrangeHRM/inputUsername'

2022-12-28 11:16:00 - [TEST_STEP][PASSED] - setText(findTestObject("Object Repository/Login/Page_OrangeHRM/inputPassword"), "admin123"): Text 'admin123' is set on object 'Object Repository/Login/Page_OrangeHRM/inputPassword'

2022-12-28 11:16:01 - [MESSAGE][PASSED] - Text 'admin123' is set on object 'Object Repository/Login/Page_OrangeHRM/inputPassword'

2022-12-28 11:16:01 - [TEST_STEP][PASSED] - click(findTestObject("Object Repository/Login/Page_OrangeHRM/button_Login")): Object: 'Object Repository/Login/Page_OrangeHRM/button_Login' is clicked on

2022-12-28 11:16:01 - [MESSAGE][PASSED] - Object: 'Object Repository/Login/Page_OrangeHRM/button_Login' is clicked on

2022-12-28 11:16:01 - [TEST_STEP][PASSED] - verifyElementText(findTestObject("Object Repository/Login/Page_OrangeHRM/verifDashboard"), "Dashboard"): Actual text and expected text of test object 'Object Repository/Login/Page_OrangeHRM/verifDashboard' are matched.

2022-12-28 11:16:03 - [MESSAGE][PASSED] - Actual text and expected text of test object 'Object Repository/Login/Page_OrangeHRM/verifDashboard' are matched.

2022-12-28 11:16:03 - [TEST_STEP][PASSED] - delay(5): Delayed 5 second(s)

2022-12-28 11:16:08 - [MESSAGE][PASSED] - Delayed 5 second(s)

2022-12-28 11:16:08 - [TEST_STEP][PASSED] - takeScreenshot(): Taking screenshot successfully

2022-12-28 11:16:09 - [MESSAGE][PASSED] - Taking screenshot successfully
[[ATTACHMENT|/Users/nurulazzahra/Katalon Studio/SV_TestWebUI_NurulAzzahra/Reports/20221228_111444/TestSuiteWebUI/20221228_111444/1672200969393.png]]]]></system-out>
         <system-err><![CDATA[]]></system-err>
      </testcase>
      <testcase name="Test Cases/Admin" time="76.083" classname="Test Cases/Admin" status="PASSED">
         <system-out><![CDATA[2022-12-28 11:16:09 - [TEST_CASE][PASSED] - Test Cases/Admin: Test Cases/Admin

2022-12-28 11:16:10 - [TEST_STEP][PASSED] - click(findTestObject("Object Repository/Admin/Page_OrangeHRM/sideAdmin")): Object: 'Object Repository/Admin/Page_OrangeHRM/sideAdmin' is clicked on

2022-12-28 11:16:11 - [MESSAGE][PASSED] - Object: 'Object Repository/Admin/Page_OrangeHRM/sideAdmin' is clicked on

2022-12-28 11:16:11 - [TEST_STEP][PASSED] - verifyElementText(findTestObject("Object Repository/Admin/Page_OrangeHRM/verifViewAdmin"), "Admin"): Actual text and expected text of test object 'Object Repository/Admin/Page_OrangeHRM/verifViewAdmin' are matched.

2022-12-28 11:16:15 - [MESSAGE][PASSED] - Actual text and expected text of test object 'Object Repository/Admin/Page_OrangeHRM/verifViewAdmin' are matched.

2022-12-28 11:16:15 - [TEST_STEP][PASSED] - delay(5): Delayed 5 second(s)

2022-12-28 11:16:20 - [MESSAGE][PASSED] - Delayed 5 second(s)

2022-12-28 11:16:20 - [TEST_STEP][PASSED] - takeScreenshot(): Taking screenshot successfully

2022-12-28 11:16:21 - [MESSAGE][PASSED] - Taking screenshot successfully
[[ATTACHMENT|/Users/nurulazzahra/Katalon Studio/SV_TestWebUI_NurulAzzahra/Reports/20221228_111444/TestSuiteWebUI/20221228_111444/1672200981309.png]]

2022-12-28 11:16:21 - [TEST_STEP][PASSED] - click(findTestObject("Object Repository/Admin/Page_OrangeHRM/button_AddAdmin")): Object: 'Object Repository/Admin/Page_OrangeHRM/button_AddAdmin' is clicked on

2022-12-28 11:16:22 - [MESSAGE][PASSED] - Object: 'Object Repository/Admin/Page_OrangeHRM/button_AddAdmin' is clicked on

2022-12-28 11:16:22 - [TEST_STEP][PASSED] - verifyElementText(findTestObject("Object Repository/Admin/Page_OrangeHRM/verifyviewAddUser"), "Add User"): Actual text and expected text of test object 'Object Repository/Admin/Page_OrangeHRM/verifyviewAddUser' are matched.

2022-12-28 11:16:23 - [MESSAGE][PASSED] - Actual text and expected text of test object 'Object Repository/Admin/Page_OrangeHRM/verifyviewAddUser' are matched.

2022-12-28 11:16:23 - [TEST_STEP][PASSED] - delay(5): Delayed 5 second(s)

2022-12-28 11:16:28 - [MESSAGE][PASSED] - Delayed 5 second(s)

2022-12-28 11:16:28 - [TEST_STEP][PASSED] - takeScreenshot(): Taking screenshot successfully

2022-12-28 11:16:29 - [MESSAGE][PASSED] - Taking screenshot successfully
[[ATTACHMENT|/Users/nurulazzahra/Katalon Studio/SV_TestWebUI_NurulAzzahra/Reports/20221228_111444/TestSuiteWebUI/20221228_111444/1672200989058.png]]

2022-12-28 11:16:29 - [TEST_STEP][PASSED] - click(findTestObject("Object Repository/Admin/Page_OrangeHRM/button_Save")): Object: 'Object Repository/Admin/Page_OrangeHRM/button_Save' is clicked on

2022-12-28 11:16:29 - [MESSAGE][PASSED] - Object: 'Object Repository/Admin/Page_OrangeHRM/button_Save' is clicked on

2022-12-28 11:16:29 - [TEST_STEP][PASSED] - verifyElementText(findTestObject("Object Repository/Admin/Page_OrangeHRM/alertRequiredAdd"), "Required"): Actual text and expected text of test object 'Object Repository/Admin/Page_OrangeHRM/alertRequiredAdd' are matched.

2022-12-28 11:16:30 - [MESSAGE][PASSED] - Actual text and expected text of test object 'Object Repository/Admin/Page_OrangeHRM/alertRequiredAdd' are matched.

2022-12-28 11:16:30 - [TEST_STEP][PASSED] - delay(5): Delayed 5 second(s)

2022-12-28 11:16:35 - [MESSAGE][PASSED] - Delayed 5 second(s)

2022-12-28 11:16:35 - [TEST_STEP][PASSED] - takeScreenshot(): Taking screenshot successfully

2022-12-28 11:16:36 - [MESSAGE][PASSED] - Taking screenshot successfully
[[ATTACHMENT|/Users/nurulazzahra/Katalon Studio/SV_TestWebUI_NurulAzzahra/Reports/20221228_111444/TestSuiteWebUI/20221228_111444/1672200995879.png]]

2022-12-28 11:16:36 - [TEST_STEP][PASSED] - click(findTestObject("Object Repository/Admin/Page_OrangeHRM/selectUserRole")): Object: 'Object Repository/Admin/Page_OrangeHRM/selectUserRole' is clicked on

2022-12-28 11:16:36 - [MESSAGE][PASSED] - Object: 'Object Repository/Admin/Page_OrangeHRM/selectUserRole' is clicked on

2022-12-28 11:16:36 - [TEST_STEP][PASSED] - click(findTestObject("Object Repository/Admin/Page_OrangeHRM/selectUserRoleAdmin")): Object: 'Object Repository/Admin/Page_OrangeHRM/selectUserRoleAdmin' is clicked on

2022-12-28 11:16:37 - [MESSAGE][PASSED] - Object: 'Object Repository/Admin/Page_OrangeHRM/selectUserRoleAdmin' is clicked on

2022-12-28 11:16:37 - [TEST_STEP][PASSED] - click(findTestObject("Object Repository/Admin/Page_OrangeHRM/selectStatus")): Object: 'Object Repository/Admin/Page_OrangeHRM/selectStatus' is clicked on

2022-12-28 11:16:38 - [MESSAGE][PASSED] - Object: 'Object Repository/Admin/Page_OrangeHRM/selectStatus' is clicked on

2022-12-28 11:16:38 - [TEST_STEP][PASSED] - click(findTestObject("Object Repository/Admin/Page_OrangeHRM/selectStatusEnabled")): Object: 'Object Repository/Admin/Page_OrangeHRM/selectStatusEnabled' is clicked on

2022-12-28 11:16:38 - [MESSAGE][PASSED] - Object: 'Object Repository/Admin/Page_OrangeHRM/selectStatusEnabled' is clicked on

2022-12-28 11:16:38 - [TEST_STEP][PASSED] - setText(findTestObject("Object Repository/Admin/Page_OrangeHRM/inputEmployeeName"), "I"): Text 'I' is set on object 'Object Repository/Admin/Page_OrangeHRM/inputEmployeeName'

2022-12-28 11:16:39 - [MESSAGE][PASSED] - Text 'I' is set on object 'Object Repository/Admin/Page_OrangeHRM/inputEmployeeName'

2022-12-28 11:16:39 - [TEST_STEP][PASSED] - delay(5): Delayed 5 second(s)

2022-12-28 11:16:44 - [MESSAGE][PASSED] - Delayed 5 second(s)

2022-12-28 11:16:44 - [TEST_STEP][PASSED] - click(findTestObject("Object Repository/Admin/Page_OrangeHRM/selectEmployeeName")): Object: 'Object Repository/Admin/Page_OrangeHRM/selectEmployeeName' is clicked on

2022-12-28 11:16:45 - [MESSAGE][PASSED] - Object: 'Object Repository/Admin/Page_OrangeHRM/selectEmployeeName' is clicked on

2022-12-28 11:16:45 - [TEST_STEP][PASSED] - setText(findTestObject("Object Repository/Admin/Page_OrangeHRM/inputUsername"), "Admintestt12356"): Text 'Admintestt12356' is set on object 'Object Repository/Admin/Page_OrangeHRM/inputUsername'

2022-12-28 11:16:46 - [MESSAGE][PASSED] - Text 'Admintestt12356' is set on object 'Object Repository/Admin/Page_OrangeHRM/inputUsername'

2022-12-28 11:16:46 - [TEST_STEP][PASSED] - setText(findTestObject("Object Repository/Admin/Page_OrangeHRM/inputPassword"), "TestAdmin123%"): Text 'TestAdmin123%' is set on object 'Object Repository/Admin/Page_OrangeHRM/inputPassword'

2022-12-28 11:16:48 - [MESSAGE][PASSED] - Text 'TestAdmin123%' is set on object 'Object Repository/Admin/Page_OrangeHRM/inputPassword'

2022-12-28 11:16:48 - [TEST_STEP][PASSED] - setText(findTestObject("Object Repository/Admin/Page_OrangeHRM/inputConfirmPassword"), "TestAdmin123%"): Text 'TestAdmin123%' is set on object 'Object Repository/Admin/Page_OrangeHRM/inputConfirmPassword'

2022-12-28 11:16:49 - [MESSAGE][PASSED] - Text 'TestAdmin123%' is set on object 'Object Repository/Admin/Page_OrangeHRM/inputConfirmPassword'

2022-12-28 11:16:49 - [TEST_STEP][PASSED] - delay(5): Delayed 5 second(s)

2022-12-28 11:16:54 - [MESSAGE][PASSED] - Delayed 5 second(s)

2022-12-28 11:16:54 - [TEST_STEP][PASSED] - takeScreenshot(): Taking screenshot successfully

2022-12-28 11:16:55 - [MESSAGE][PASSED] - Taking screenshot successfully
[[ATTACHMENT|/Users/nurulazzahra/Katalon Studio/SV_TestWebUI_NurulAzzahra/Reports/20221228_111444/TestSuiteWebUI/20221228_111444/1672201014717.png]]

2022-12-28 11:16:55 - [TEST_STEP][PASSED] - click(findTestObject("Object Repository/Admin/Page_OrangeHRM/button_Save")): Object: 'Object Repository/Admin/Page_OrangeHRM/button_Save' is clicked on

2022-12-28 11:16:55 - [MESSAGE][PASSED] - Object: 'Object Repository/Admin/Page_OrangeHRM/button_Save' is clicked on

2022-12-28 11:16:55 - [TEST_STEP][PASSED] - verifyElementText(findTestObject("Object Repository/Admin/Page_OrangeHRM/verifViewAdmin"), "Admin"): Actual text and expected text of test object 'Object Repository/Admin/Page_OrangeHRM/verifViewAdmin' are matched.

2022-12-28 11:16:56 - [MESSAGE][PASSED] - Actual text and expected text of test object 'Object Repository/Admin/Page_OrangeHRM/verifViewAdmin' are matched.

2022-12-28 11:16:56 - [TEST_STEP][PASSED] - delay(5): Delayed 5 second(s)

2022-12-28 11:17:01 - [MESSAGE][PASSED] - Delayed 5 second(s)

2022-12-28 11:17:01 - [TEST_STEP][PASSED] - takeScreenshot(): Taking screenshot successfully

2022-12-28 11:17:02 - [MESSAGE][PASSED] - Taking screenshot successfully
[[ATTACHMENT|/Users/nurulazzahra/Katalon Studio/SV_TestWebUI_NurulAzzahra/Reports/20221228_111444/TestSuiteWebUI/20221228_111444/1672201021885.png]]

2022-12-28 11:17:02 - [TEST_STEP][PASSED] - setText(findTestObject("Object Repository/Admin/Page_OrangeHRM/searchUsername"), "Testtest"): Text 'Testtest' is set on object 'Object Repository/Admin/Page_OrangeHRM/searchUsername'

2022-12-28 11:17:03 - [MESSAGE][PASSED] - Text 'Testtest' is set on object 'Object Repository/Admin/Page_OrangeHRM/searchUsername'

2022-12-28 11:17:03 - [TEST_STEP][PASSED] - click(findTestObject("Object Repository/Admin/Page_OrangeHRM/button_Search")): Object: 'Object Repository/Admin/Page_OrangeHRM/button_Search' is clicked on

2022-12-28 11:17:03 - [MESSAGE][PASSED] - Object: 'Object Repository/Admin/Page_OrangeHRM/button_Search' is clicked on

2022-12-28 11:17:03 - [TEST_STEP][PASSED] - verifyElementText(findTestObject("Object Repository/Admin/Page_OrangeHRM/verifNoRecordsFound"), "No Records Found"): Actual text and expected text of test object 'Object Repository/Admin/Page_OrangeHRM/verifNoRecordsFound' are matched.

2022-12-28 11:17:04 - [MESSAGE][PASSED] - Actual text and expected text of test object 'Object Repository/Admin/Page_OrangeHRM/verifNoRecordsFound' are matched.

2022-12-28 11:17:04 - [TEST_STEP][PASSED] - delay(5): Delayed 5 second(s)

2022-12-28 11:17:09 - [MESSAGE][PASSED] - Delayed 5 second(s)

2022-12-28 11:17:09 - [TEST_STEP][PASSED] - takeScreenshot(): Taking screenshot successfully

2022-12-28 11:17:10 - [MESSAGE][PASSED] - Taking screenshot successfully
[[ATTACHMENT|/Users/nurulazzahra/Katalon Studio/SV_TestWebUI_NurulAzzahra/Reports/20221228_111444/TestSuiteWebUI/20221228_111444/1672201030311.png]]

2022-12-28 11:17:10 - [TEST_STEP][PASSED] - click(findTestObject("Object Repository/Admin/Page_OrangeHRM/button_Reset")): Object: 'Object Repository/Admin/Page_OrangeHRM/button_Reset' is clicked on

2022-12-28 11:17:11 - [MESSAGE][PASSED] - Object: 'Object Repository/Admin/Page_OrangeHRM/button_Reset' is clicked on

2022-12-28 11:17:11 - [TEST_STEP][PASSED] - setText(findTestObject("Object Repository/Admin/Page_OrangeHRM/searchUsername"), "Admintestt12356"): Text 'Admintestt12356' is set on object 'Object Repository/Admin/Page_OrangeHRM/searchUsername'

2022-12-28 11:17:13 - [MESSAGE][PASSED] - Text 'Admintestt12356' is set on object 'Object Repository/Admin/Page_OrangeHRM/searchUsername'

2022-12-28 11:17:13 - [TEST_STEP][PASSED] - click(findTestObject("Object Repository/Admin/Page_OrangeHRM/button_Search")): Object: 'Object Repository/Admin/Page_OrangeHRM/button_Search' is clicked on

2022-12-28 11:17:14 - [MESSAGE][PASSED] - Object: 'Object Repository/Admin/Page_OrangeHRM/button_Search' is clicked on

2022-12-28 11:17:14 - [TEST_STEP][PASSED] - delay(5): Delayed 5 second(s)

2022-12-28 11:17:19 - [MESSAGE][PASSED] - Delayed 5 second(s)

2022-12-28 11:17:19 - [TEST_STEP][PASSED] - verifyElementText(findTestObject("Object Repository/Admin/Page_OrangeHRM/verifRecordFound"), "(1) Record Found"): Actual text and expected text of test object 'Object Repository/Admin/Page_OrangeHRM/verifRecordFound' are matched.

2022-12-28 11:17:20 - [MESSAGE][PASSED] - Actual text and expected text of test object 'Object Repository/Admin/Page_OrangeHRM/verifRecordFound' are matched.

2022-12-28 11:17:20 - [TEST_STEP][PASSED] - delay(5): Delayed 5 second(s)

2022-12-28 11:17:25 - [MESSAGE][PASSED] - Delayed 5 second(s)

2022-12-28 11:17:25 - [TEST_STEP][PASSED] - takeScreenshot(): Taking screenshot successfully

2022-12-28 11:17:25 - [MESSAGE][PASSED] - Taking screenshot successfully
[[ATTACHMENT|/Users/nurulazzahra/Katalon Studio/SV_TestWebUI_NurulAzzahra/Reports/20221228_111444/TestSuiteWebUI/20221228_111444/1672201045512.png]]]]></system-out>
         <system-err><![CDATA[]]></system-err>
      </testcase>
      <testcase name="Test Cases/MyInfo" time="69.393" classname="Test Cases/MyInfo" status="PASSED">
         <system-out><![CDATA[2022-12-28 11:17:25 - [TEST_CASE][PASSED] - Test Cases/MyInfo: Test Cases/MyInfo

2022-12-28 11:17:26 - [TEST_STEP][PASSED] - click(findTestObject("Object Repository/MyInfo/Page_OrangeHRM/sideMyInfo")): Object: 'Object Repository/MyInfo/Page_OrangeHRM/sideMyInfo' is clicked on

2022-12-28 11:17:27 - [MESSAGE][PASSED] - Object: 'Object Repository/MyInfo/Page_OrangeHRM/sideMyInfo' is clicked on

2022-12-28 11:17:27 - [TEST_STEP][PASSED] - verifyElementText(findTestObject("Object Repository/MyInfo/Page_OrangeHRM/verifViewPersonalDetails"), "Personal Details"): Actual text and expected text of test object 'Object Repository/MyInfo/Page_OrangeHRM/verifViewPersonalDetails' are matched.

2022-12-28 11:17:30 - [MESSAGE][PASSED] - Actual text and expected text of test object 'Object Repository/MyInfo/Page_OrangeHRM/verifViewPersonalDetails' are matched.

2022-12-28 11:17:30 - [TEST_STEP][PASSED] - click(findTestObject("Object Repository/MyInfo/Page_OrangeHRM/sideContactDetails")): Object: 'Object Repository/MyInfo/Page_OrangeHRM/sideContactDetails' is clicked on

2022-12-28 11:17:31 - [MESSAGE][PASSED] - Object: 'Object Repository/MyInfo/Page_OrangeHRM/sideContactDetails' is clicked on

2022-12-28 11:17:31 - [TEST_STEP][PASSED] - verifyElementText(findTestObject("Object Repository/MyInfo/Page_OrangeHRM/verifViewContactDetails"), "Contact Details"): Actual text and expected text of test object 'Object Repository/MyInfo/Page_OrangeHRM/verifViewContactDetails' are matched.

2022-12-28 11:17:31 - [MESSAGE][PASSED] - Actual text and expected text of test object 'Object Repository/MyInfo/Page_OrangeHRM/verifViewContactDetails' are matched.

2022-12-28 11:17:31 - [TEST_STEP][PASSED] - setText(findTestObject("Object Repository/MyInfo/Page_OrangeHRM/inputStreet1"), "1Street123"): Text '1Street123' is set on object 'Object Repository/MyInfo/Page_OrangeHRM/inputStreet1'

2022-12-28 11:17:33 - [MESSAGE][PASSED] - Text '1Street123' is set on object 'Object Repository/MyInfo/Page_OrangeHRM/inputStreet1'

2022-12-28 11:17:33 - [TEST_STEP][PASSED] - setText(findTestObject("Object Repository/MyInfo/Page_OrangeHRM/inputStreet2"), "2Street123"): Text '2Street123' is set on object 'Object Repository/MyInfo/Page_OrangeHRM/inputStreet2'

2022-12-28 11:17:34 - [MESSAGE][PASSED] - Text '2Street123' is set on object 'Object Repository/MyInfo/Page_OrangeHRM/inputStreet2'

2022-12-28 11:17:34 - [TEST_STEP][PASSED] - setText(findTestObject("Object Repository/MyInfo/Page_OrangeHRM/inputCity"), "Testcity123"): Text 'Testcity123' is set on object 'Object Repository/MyInfo/Page_OrangeHRM/inputCity'

2022-12-28 11:17:35 - [MESSAGE][PASSED] - Text 'Testcity123' is set on object 'Object Repository/MyInfo/Page_OrangeHRM/inputCity'

2022-12-28 11:17:35 - [TEST_STEP][PASSED] - setText(findTestObject("Object Repository/MyInfo/Page_OrangeHRM/inputStateProvince"), "Testprovince123"): Text 'Testprovince123' is set on object 'Object Repository/MyInfo/Page_OrangeHRM/inputStateProvince'

2022-12-28 11:17:37 - [MESSAGE][PASSED] - Text 'Testprovince123' is set on object 'Object Repository/MyInfo/Page_OrangeHRM/inputStateProvince'

2022-12-28 11:17:37 - [TEST_STEP][PASSED] - setText(findTestObject("Object Repository/MyInfo/Page_OrangeHRM/inputZipPostalCode"), "123"): Text '123' is set on object 'Object Repository/MyInfo/Page_OrangeHRM/inputZipPostalCode'

2022-12-28 11:17:38 - [MESSAGE][PASSED] - Text '123' is set on object 'Object Repository/MyInfo/Page_OrangeHRM/inputZipPostalCode'

2022-12-28 11:17:38 - [TEST_STEP][PASSED] - click(findTestObject("Object Repository/MyInfo/Page_OrangeHRM/ddCountry")): Object: 'Object Repository/MyInfo/Page_OrangeHRM/ddCountry' is clicked on

2022-12-28 11:17:38 - [MESSAGE][PASSED] - Object: 'Object Repository/MyInfo/Page_OrangeHRM/ddCountry' is clicked on

2022-12-28 11:17:38 - [TEST_STEP][PASSED] - click(findTestObject("Object Repository/MyInfo/Page_OrangeHRM/selectCountry")): Object: 'Object Repository/MyInfo/Page_OrangeHRM/selectCountry' is clicked on

2022-12-28 11:17:39 - [MESSAGE][PASSED] - Object: 'Object Repository/MyInfo/Page_OrangeHRM/selectCountry' is clicked on

2022-12-28 11:17:39 - [TEST_STEP][PASSED] - setText(findTestObject("Object Repository/MyInfo/Page_OrangeHRM/inputTelpHome"), "0812345"): Text '0812345' is set on object 'Object Repository/MyInfo/Page_OrangeHRM/inputTelpHome'

2022-12-28 11:17:40 - [MESSAGE][PASSED] - Text '0812345' is set on object 'Object Repository/MyInfo/Page_OrangeHRM/inputTelpHome'

2022-12-28 11:17:40 - [TEST_STEP][PASSED] - setText(findTestObject("Object Repository/MyInfo/Page_OrangeHRM/inputTelpMobile"), "02123456"): Text '02123456' is set on object 'Object Repository/MyInfo/Page_OrangeHRM/inputTelpMobile'

2022-12-28 11:17:41 - [MESSAGE][PASSED] - Text '02123456' is set on object 'Object Repository/MyInfo/Page_OrangeHRM/inputTelpMobile'

2022-12-28 11:17:41 - [TEST_STEP][PASSED] - setText(findTestObject("Object Repository/MyInfo/Page_OrangeHRM/inputTelpWork"), "90203040"): Text '90203040' is set on object 'Object Repository/MyInfo/Page_OrangeHRM/inputTelpWork'

2022-12-28 11:17:42 - [MESSAGE][PASSED] - Text '90203040' is set on object 'Object Repository/MyInfo/Page_OrangeHRM/inputTelpWork'

2022-12-28 11:17:42 - [TEST_STEP][PASSED] - setText(findTestObject("Object Repository/MyInfo/Page_OrangeHRM/inputWorkEmail"), "testemailwork@gmail.com"): Text 'testemailwork@gmail.com' is set on object 'Object Repository/MyInfo/Page_OrangeHRM/inputWorkEmail'

2022-12-28 11:17:43 - [MESSAGE][PASSED] - Text 'testemailwork@gmail.com' is set on object 'Object Repository/MyInfo/Page_OrangeHRM/inputWorkEmail'

2022-12-28 11:17:43 - [TEST_STEP][PASSED] - setText(findTestObject("Object Repository/MyInfo/Page_OrangeHRM/inputOtherEmail"), "testotheremail@gmail.com"): Text 'testotheremail@gmail.com' is set on object 'Object Repository/MyInfo/Page_OrangeHRM/inputOtherEmail'

2022-12-28 11:17:45 - [MESSAGE][PASSED] - Text 'testotheremail@gmail.com' is set on object 'Object Repository/MyInfo/Page_OrangeHRM/inputOtherEmail'

2022-12-28 11:17:45 - [TEST_STEP][PASSED] - delay(10): Delayed 10 second(s)

2022-12-28 11:17:55 - [MESSAGE][PASSED] - Delayed 10 second(s)

2022-12-28 11:17:55 - [TEST_STEP][PASSED] - takeScreenshot(): Taking screenshot successfully

2022-12-28 11:17:55 - [MESSAGE][PASSED] - Taking screenshot successfully
[[ATTACHMENT|/Users/nurulazzahra/Katalon Studio/SV_TestWebUI_NurulAzzahra/Reports/20221228_111444/TestSuiteWebUI/20221228_111444/1672201075567.png]]

2022-12-28 11:17:55 - [TEST_STEP][PASSED] - click(findTestObject("Object Repository/MyInfo/Page_OrangeHRM/button_Save")): Object: 'Object Repository/MyInfo/Page_OrangeHRM/button_Save' is clicked on

2022-12-28 11:17:56 - [MESSAGE][PASSED] - Object: 'Object Repository/MyInfo/Page_OrangeHRM/button_Save' is clicked on

2022-12-28 11:17:56 - [TEST_STEP][PASSED] - delay(10): Delayed 10 second(s)

2022-12-28 11:18:06 - [MESSAGE][PASSED] - Delayed 10 second(s)

2022-12-28 11:18:06 - [TEST_STEP][PASSED] - takeScreenshot(): Taking screenshot successfully

2022-12-28 11:18:07 - [MESSAGE][PASSED] - Taking screenshot successfully
[[ATTACHMENT|/Users/nurulazzahra/Katalon Studio/SV_TestWebUI_NurulAzzahra/Reports/20221228_111444/TestSuiteWebUI/20221228_111444/1672201086853.png]]

2022-12-28 11:18:07 - [TEST_STEP][PASSED] - click(findTestObject("Object Repository/MyInfo/Page_OrangeHRM/button_Add")): Object: 'Object Repository/MyInfo/Page_OrangeHRM/button_Add' is clicked on

2022-12-28 11:18:07 - [MESSAGE][PASSED] - Object: 'Object Repository/MyInfo/Page_OrangeHRM/button_Add' is clicked on

2022-12-28 11:18:07 - [TEST_STEP][PASSED] - uploadFile(findTestObject("Object Repository/MyInfo/Page_OrangeHRM/generateUploadFile"), file): File '/Users/nurulazzahra/Documents/test.png' sent to object: 'Object Repository/MyInfo/Page_OrangeHRM/generateUploadFile'

2022-12-28 11:18:08 - [MESSAGE][PASSED] - File '/Users/nurulazzahra/Documents/test.png' sent to object: 'Object Repository/MyInfo/Page_OrangeHRM/generateUploadFile'

2022-12-28 11:18:08 - [TEST_STEP][PASSED] - setText(findTestObject("Object Repository/MyInfo/Page_OrangeHRM/inputComment"), "test"): Text 'test' is set on object 'Object Repository/MyInfo/Page_OrangeHRM/inputComment'

2022-12-28 11:18:09 - [MESSAGE][PASSED] - Text 'test' is set on object 'Object Repository/MyInfo/Page_OrangeHRM/inputComment'

2022-12-28 11:18:09 - [TEST_STEP][PASSED] - delay(10): Delayed 10 second(s)

2022-12-28 11:18:19 - [MESSAGE][PASSED] - Delayed 10 second(s)

2022-12-28 11:18:19 - [TEST_STEP][PASSED] - takeScreenshot(): Taking screenshot successfully

2022-12-28 11:18:20 - [MESSAGE][PASSED] - Taking screenshot successfully
[[ATTACHMENT|/Users/nurulazzahra/Katalon Studio/SV_TestWebUI_NurulAzzahra/Reports/20221228_111444/TestSuiteWebUI/20221228_111444/1672201099941.png]]

2022-12-28 11:18:20 - [TEST_STEP][PASSED] - click(findTestObject("Object Repository/MyInfo/Page_OrangeHRM/button_Save1")): Object: 'Object Repository/MyInfo/Page_OrangeHRM/button_Save1' is clicked on

2022-12-28 11:18:20 - [MESSAGE][PASSED] - Object: 'Object Repository/MyInfo/Page_OrangeHRM/button_Save1' is clicked on

2022-12-28 11:18:20 - [TEST_STEP][PASSED] - delay(10): Delayed 10 second(s)

2022-12-28 11:18:30 - [MESSAGE][PASSED] - Delayed 10 second(s)

2022-12-28 11:18:30 - [TEST_STEP][PASSED] - takeScreenshot(): Taking screenshot successfully

2022-12-28 11:18:31 - [MESSAGE][PASSED] - Taking screenshot successfully
[[ATTACHMENT|/Users/nurulazzahra/Katalon Studio/SV_TestWebUI_NurulAzzahra/Reports/20221228_111444/TestSuiteWebUI/20221228_111444/1672201111376.png]]

2022-12-28 11:18:31 - [TEST_STEP][PASSED] - click(findTestObject("Object Repository/MyInfo/Page_OrangeHRM/ddLogout")): Object: 'Object Repository/MyInfo/Page_OrangeHRM/ddLogout' is clicked on

2022-12-28 11:18:32 - [MESSAGE][PASSED] - Object: 'Object Repository/MyInfo/Page_OrangeHRM/ddLogout' is clicked on

2022-12-28 11:18:32 - [TEST_STEP][PASSED] - click(findTestObject("Object Repository/MyInfo/Page_OrangeHRM/a_Logout")): Object: 'Object Repository/MyInfo/Page_OrangeHRM/a_Logout' is clicked on

2022-12-28 11:18:33 - [MESSAGE][PASSED] - Object: 'Object Repository/MyInfo/Page_OrangeHRM/a_Logout' is clicked on

2022-12-28 11:18:33 - [TEST_STEP][PASSED] - verifyElementText(findTestObject("Object Repository/Login/Page_OrangeHRM/verifAccessWeb"), "Login"): Actual text and expected text of test object 'Object Repository/Login/Page_OrangeHRM/verifAccessWeb' are matched.

2022-12-28 11:18:34 - [MESSAGE][PASSED] - Actual text and expected text of test object 'Object Repository/Login/Page_OrangeHRM/verifAccessWeb' are matched.

2022-12-28 11:18:34 - [TEST_STEP][PASSED] - takeScreenshot(): Taking screenshot successfully

2022-12-28 11:18:35 - [MESSAGE][PASSED] - Taking screenshot successfully
[[ATTACHMENT|/Users/nurulazzahra/Katalon Studio/SV_TestWebUI_NurulAzzahra/Reports/20221228_111444/TestSuiteWebUI/20221228_111444/1672201114952.png]]]]></system-out>
         <system-err><![CDATA[]]></system-err>
      </testcase>
      <system-out><![CDATA[2022-12-28 11:15:06 - [TEST_SUITE][PASSED] - TestSuiteWebUI: Test Cases/MyInfo]]></system-out>
      <system-err><![CDATA[]]></system-err>
   </testsuite>
</testsuites>
